app/build/intermediates/manifest_merge_blame_file/debug/manifest-merger-blame-debug-report.txt
1<?xml version="1.0" encoding="utf-8"?>
2<manifest xmlns:android="http://schemas.android.com/apk/res/android"
3    package="com.vuzix.sample.vuzix_speech_recognition"
4    android:versionCode="1"
5    android:versionName="1.0" >
6
7    <uses-sdk
8        android:minSdkVersion="28"
8-->src\main\AndroidManifest.xml
9        android:targetSdkVersion="33" />
9-->src\main\AndroidManifest.xml
10
11    <application
11-->src\main\AndroidManifest.xml:5:5-20:19
12        android:allowBackup="true"
12-->src\main\AndroidManifest.xml:6:9-35
13        android:appComponentFactory="android.support.v4.app.CoreComponentFactory"
13-->[com.android.support:support-compat:28.0.0] AndroidManifest.xml:22:18-91
14        android:debuggable="true"
15        android:extractNativeLibs="false"
16        android:label="@string/app_name"
16-->src\main\AndroidManifest.xml:7:9-41
17        android:screenOrientation="fullSensor"
17-->src\main\AndroidManifest.xml:8:9-47
18        android:supportsRtl="true"
18-->src\main\AndroidManifest.xml:9:9-35
19        android:theme="@style/AppTheme" >
19-->src\main\AndroidManifest.xml:10:9-40
20        <activity
20-->src\main\AndroidManifest.xml:11:9-19:20
21            android:name="com.vuzix.sample.vuzix_speech_recognition.MainActivity"
21-->src\main\AndroidManifest.xml:11:19-88
22            android:exported="true"
22-->src\main\AndroidManifest.xml:13:13-36
23            android:label="@string/main_activity_name" >
23-->src\main\AndroidManifest.xml:12:13-55
24            <intent-filter>
24-->src\main\AndroidManifest.xml:14:13-18:29
25                <action android:name="android.intent.action.MAIN" />
25-->src\main\AndroidManifest.xml:15:17-69
25-->src\main\AndroidManifest.xml:15:25-66
26
27                <category android:name="android.intent.category.LAUNCHER" />
27-->src\main\AndroidManifest.xml:17:17-77
27-->src\main\AndroidManifest.xml:17:27-74
28            </intent-filter>
29        </activity>
30    </application>
31
32</manifest>